<?xml version="1.0" encoding="UTF-8"?>
<testsuites name="orangeHRM" time="69" tests="0" failures="1" errors="0">
   <testsuite name="orangeHRM" tests="0" failures="1" errors="0" time="69" timestamp="2018-07-24 17:59:56" hostname="slk - wslk1fftrfw-10" id="Test Suites/orangeHRM">
      <properties>
         <property name="deviceName" value=""/>
         <property name="devicePlatform" value=""/>
         <property name="logFolder" value="C:\\Users\\slk.WSLK1FFTRFW-10.006\\Katalon Studio\\VKGroups\\Reports\\orangeHRM\\20180724_175955"/>
         <property name="logFiles" value="C:\\Users\\slk.WSLK1FFTRFW-10.006\\Katalon Studio\\VKGroups\\Reports\\orangeHRM\\20180724_175955\\execution0.log"/>
         <property name="attachments" value=""/>
         <property name="hostName" value="slk - wslk1fftrfw-10"/>
         <property name="os" value="Windows 7 64bit"/>
         <property name="katalonVersion" value="5.5.0.1"/>
         <property name="browser" value="Firefox 62.0"/>
         <property name="hostAddress" value="10.10.10.19"/>
         <property name="sessionId" value="62cf88db-0b0a-4a64-acff-f8d0c8055062"/>
         <property name="seleniumVersion" value="3.7.1"/>
         <property name="proxyInformation" value="ProxyInformation{proxyOption=NO_PROXY, proxyServerType=HTTP, password=, proxyServerAddress=, proxyServerPort=0}"/>
         <property name="platform" value="Windows 7"/>
      </properties>
      <testcase name="Test Cases/OrangeHRM1/OrangeHRM" classname="Test Cases/OrangeHRM1/OrangeHRM" status="FAILED">
         <failure type="FAILED" message="Unable to verify object 'Object Repository/OrangeHRM/Page_OrangeHRM/b_Admin' is present (Root cause: org.openqa.selenium.WebDriverException: Failed to decode response from marionette
Build info: version: '3.7.1', revision: '8a0099a', time: '2017-11-06T21:07:36.161Z'
System info: host: 'WSLK1FFTRFW-10', ip: '10.10.10.19', os.name: 'Windows 7', os.arch: 'amd64', os.version: '6.1', java.version: '1.8.0_102'
Driver info: com.kms.katalon.core.webui.driver.firefox.CGeckoDriver
Capabilities {acceptInsecureCerts: true, browserName: firefox, browserVersion: 62.0, javascriptEnabled: true, moz:accessibilityChecks: false, moz:headless: false, moz:processID: 7412, moz:profile: C:\Users\slk.WSLK1FFTRFW-10..., moz:useNonSpecCompliantPointerOrigin: false, moz:webdriverClick: true, pageLoadStrategy: normal, platform: XP, platformName: XP, platformVersion: 6.1, proxy: Proxy(direct), rotatable: false, timeouts: {implicit: 0, pageLoad: 300000, script: 30000}}
Session ID: 62cf88db-0b0a-4a64-acff-f8d0c8055062
*** Element info: {Using=xpath, value=//b[(text() = 'Admin' or . = 'Admin')]})"/>
         <system-out><![CDATA[2018-07-24 17:59:57 - [TEST_CASE][FAILED] - Test Cases/OrangeHRM1/OrangeHRM: Test Cases/OrangeHRM1/OrangeHRM FAILED because (of) Unable to verify object 'Object Repository/OrangeHRM/Page_OrangeHRM/b_Admin' is present (Root cause: org.openqa.selenium.WebDriverException: Failed to decode response from marionette
Build info: version: '3.7.1', revision: '8a0099a', time: '2017-11-06T21:07:36.161Z'
System info: host: 'WSLK1FFTRFW-10', ip: '10.10.10.19', os.name: 'Windows 7', os.arch: 'amd64', os.version: '6.1', java.version: '1.8.0_102'
Driver info: com.kms.katalon.core.webui.driver.firefox.CGeckoDriver
Capabilities {acceptInsecureCerts: true, browserName: firefox, browserVersion: 62.0, javascriptEnabled: true, moz:accessibilityChecks: false, moz:headless: false, moz:processID: 7412, moz:profile: C:\Users\slk.WSLK1FFTRFW-10..., moz:useNonSpecCompliantPointerOrigin: false, moz:webdriverClick: true, pageLoadStrategy: normal, platform: XP, platformName: XP, platformVersion: 6.1, proxy: Proxy(direct), rotatable: false, timeouts: {implicit: 0, pageLoad: 300000, script: 30000}}
Session ID: 62cf88db-0b0a-4a64-acff-f8d0c8055062
*** Element info: {Using=xpath, value=//b[(text() = 'Admin' or . = 'Admin')]})

2018-07-24 17:59:57 - [TEST_STEP][PASSED] - openBrowser: Browser is opened with url: ''

2018-07-24 18:00:23 - [MESSAGE][PASSED] - Browser is opened with url: ''

2018-07-24 18:00:23 - [TEST_STEP][PASSED] - navigateToUrl: Navigate to 'https://opensource-demo.orangehrmlive.com/' successfully

2018-07-24 18:00:29 - [MESSAGE][PASSED] - Navigate to 'https://opensource-demo.orangehrmlive.com/' successfully

2018-07-24 18:00:29 - [TEST_STEP][PASSED] - setText: Text 'admin' is set on object 'Object Repository/OrangeHRM/Page_OrangeHRM/input_txtUsername'

2018-07-24 18:00:29 - [MESSAGE][PASSED] - Text 'admin' is set on object 'Object Repository/OrangeHRM/Page_OrangeHRM/input_txtUsername'

2018-07-24 18:00:29 - [TEST_STEP][PASSED] - setEncryptedText: Text ****** has been set on object 'Object Repository/OrangeHRM/Page_OrangeHRM/input_txtPassword'

2018-07-24 18:00:29 - [MESSAGE][PASSED] - Text ****** has been set on object 'Object Repository/OrangeHRM/Page_OrangeHRM/input_txtPassword'

2018-07-24 18:00:29 - [TEST_STEP][PASSED] - click: Object: 'Object Repository/OrangeHRM/Page_OrangeHRM/input_Submit' is clicked on

2018-07-24 18:00:32 - [MESSAGE][PASSED] - Object: 'Object Repository/OrangeHRM/Page_OrangeHRM/input_Submit' is clicked on

2018-07-24 18:00:32 - [TEST_STEP][PASSED] - delay: Delayed 10 second(s)

2018-07-24 18:00:42 - [MESSAGE][PASSED] - Delayed 10 second(s)

2018-07-24 18:00:42 - [TEST_STEP][FAILED] - verifyElementPresent: Unable to verify object 'Object Repository/OrangeHRM/Page_OrangeHRM/b_Admin' is present (Root cause: org.openqa.selenium.WebDriverException: Failed to decode response from marionette
Build info: version: '3.7.1', revision: '8a0099a', time: '2017-11-06T21:07:36.161Z'
System info: host: 'WSLK1FFTRFW-10', ip: '10.10.10.19', os.name: 'Windows 7', os.arch: 'amd64', os.version: '6.1', java.version: '1.8.0_102'
Driver info: com.kms.katalon.core.webui.driver.firefox.CGeckoDriver
Capabilities {acceptInsecureCerts: true, browserName: firefox, browserVersion: 62.0, javascriptEnabled: true, moz:accessibilityChecks: false, moz:headless: false, moz:processID: 7412, moz:profile: C:\Users\slk.WSLK1FFTRFW-10..., moz:useNonSpecCompliantPointerOrigin: false, moz:webdriverClick: true, pageLoadStrategy: normal, platform: XP, platformName: XP, platformVersion: 6.1, proxy: Proxy(direct), rotatable: false, timeouts: {implicit: 0, pageLoad: 300000, script: 30000}}
Session ID: 62cf88db-0b0a-4a64-acff-f8d0c8055062
*** Element info: {Using=xpath, value=//b[(text() = 'Admin' or . = 'Admin')]})

2018-07-24 18:00:42 - [MESSAGE][WARNING] - Timeout '0' is invalid. Using default page load timeout: '30'

2018-07-24 18:01:04 - [MESSAGE][WARNING] - Cannot take screenshot

2018-07-24 18:01:04 - [MESSAGE][FAILED] - Unable to verify object 'Object Repository/OrangeHRM/Page_OrangeHRM/b_Admin' is present (Root cause: org.openqa.selenium.WebDriverException: Failed to decode response from marionette
Build info: version: '3.7.1', revision: '8a0099a', time: '2017-11-06T21:07:36.161Z'
System info: host: 'WSLK1FFTRFW-10', ip: '10.10.10.19', os.name: 'Windows 7', os.arch: 'amd64', os.version: '6.1', java.version: '1.8.0_102'
Driver info: com.kms.katalon.core.webui.driver.firefox.CGeckoDriver
Capabilities {acceptInsecureCerts: true, browserName: firefox, browserVersion: 62.0, javascriptEnabled: true, moz:accessibilityChecks: false, moz:headless: false, moz:processID: 7412, moz:profile: C:\Users\slk.WSLK1FFTRFW-10..., moz:useNonSpecCompliantPointerOrigin: false, moz:webdriverClick: true, pageLoadStrategy: normal, platform: XP, platformName: XP, platformVersion: 6.1, proxy: Proxy(direct), rotatable: false, timeouts: {implicit: 0, pageLoad: 300000, script: 30000}}
Session ID: 62cf88db-0b0a-4a64-acff-f8d0c8055062
*** Element info: {Using=xpath, value=//b[(text() = 'Admin' or . = 'Admin')]})]]></system-out>
         <system-err><![CDATA[2018-07-24 17:59:57 - [TEST_CASE][FAILED] - Test Cases/OrangeHRM1/OrangeHRM: Test Cases/OrangeHRM1/OrangeHRM FAILED because (of) Unable to verify object 'Object Repository/OrangeHRM/Page_OrangeHRM/b_Admin' is present (Root cause: org.openqa.selenium.WebDriverException: Failed to decode response from marionette
Build info: version: '3.7.1', revision: '8a0099a', time: '2017-11-06T21:07:36.161Z'
System info: host: 'WSLK1FFTRFW-10', ip: '10.10.10.19', os.name: 'Windows 7', os.arch: 'amd64', os.version: '6.1', java.version: '1.8.0_102'
Driver info: com.kms.katalon.core.webui.driver.firefox.CGeckoDriver
Capabilities {acceptInsecureCerts: true, browserName: firefox, browserVersion: 62.0, javascriptEnabled: true, moz:accessibilityChecks: false, moz:headless: false, moz:processID: 7412, moz:profile: C:\Users\slk.WSLK1FFTRFW-10..., moz:useNonSpecCompliantPointerOrigin: false, moz:webdriverClick: true, pageLoadStrategy: normal, platform: XP, platformName: XP, platformVersion: 6.1, proxy: Proxy(direct), rotatable: false, timeouts: {implicit: 0, pageLoad: 300000, script: 30000}}
Session ID: 62cf88db-0b0a-4a64-acff-f8d0c8055062
*** Element info: {Using=xpath, value=//b[(text() = 'Admin' or . = 'Admin')]})]]></system-err>
      </testcase>
      <system-out><![CDATA[2018-07-24 17:59:56 - [TEST_SUITE][INCOMPLETE] - orangeHRM: null]]></system-out>
      <system-err><![CDATA[2018-07-24 17:59:56 - [TEST_SUITE][INCOMPLETE] - orangeHRM: null]]></system-err>
   </testsuite>
</testsuites>
