<?xml version="1.0" encoding="UTF-8"?>
<testsuites name="Day2TD" time="39" tests="1" failures="0" errors="0">
   <testsuite name="Day2TD" tests="1" failures="0" errors="0" time="39" timestamp="2018-07-25 14:17:23" hostname="slk - wslk1fftrfw-10" id="Test Suites/Day2/Day2TD">
      <properties>
         <property name="deviceName" value=""/>
         <property name="devicePlatform" value=""/>
         <property name="logFolder" value="C:\\Users\\slk.WSLK1FFTRFW-10.006\\Katalon Studio\\VKGroups\\Reports\\Day2\\Day2TD\\20180725_141721"/>
         <property name="logFiles" value="C:\\Users\\slk.WSLK1FFTRFW-10.006\\Katalon Studio\\VKGroups\\Reports\\Day2\\Day2TD\\20180725_141721\\execution0.log"/>
         <property name="attachments" value=""/>
         <property name="hostName" value="slk - wslk1fftrfw-10"/>
         <property name="os" value="Windows 7 64bit"/>
         <property name="katalonVersion" value="5.5.0.1"/>
         <property name="browser" value="Chrome 67.0.3396.99"/>
         <property name="hostAddress" value="10.10.10.19"/>
         <property name="sessionId" value="1bbe19dbfb5c6d9889ae437910f1caf1"/>
         <property name="seleniumVersion" value="3.7.1"/>
         <property name="proxyInformation" value="ProxyInformation{proxyOption=NO_PROXY, proxyServerType=HTTP, password=, proxyServerAddress=, proxyServerPort=0}"/>
         <property name="platform" value="Windows 7"/>
      </properties>
      <testcase name="Test Cases/DaY 2/test3" classname="Test Cases/DaY 2/test3" status="PASSED">
         <system-out><![CDATA[2018-07-25 14:17:23 - [TEST_CASE][PASSED] - Test Cases/DaY 2/test3: Test Cases/DaY 2/test3

2018-07-25 14:17:23 - [TEST_STEP][PASSED] - openBrowser: Browser is opened with url: ''

2018-07-25 14:17:47 - [MESSAGE][PASSED] - Browser is opened with url: ''

2018-07-25 14:17:47 - [TEST_STEP][PASSED] - navigateToUrl: Navigate to 'https://opensource-demo.orangehrmlive.com/' successfully

2018-07-25 14:17:54 - [MESSAGE][PASSED] - Navigate to 'https://opensource-demo.orangehrmlive.com/' successfully

2018-07-25 14:17:54 - [TEST_STEP][PASSED] - click: Object: 'Object Repository/day2_test3/Page_OrangeHRM/span_Username' is clicked on

2018-07-25 14:17:54 - [MESSAGE][PASSED] - Object: 'Object Repository/day2_test3/Page_OrangeHRM/span_Username' is clicked on

2018-07-25 14:17:54 - [TEST_STEP][PASSED] - setText: Text 'admin' is set on object 'Object Repository/day2_test3/Page_OrangeHRM/input_txtUsername'

2018-07-25 14:17:54 - [MESSAGE][PASSED] - Text 'admin' is set on object 'Object Repository/day2_test3/Page_OrangeHRM/input_txtUsername'

2018-07-25 14:17:54 - [TEST_STEP][PASSED] - setText: Text 'admin123' is set on object 'Object Repository/day2_test3/Page_OrangeHRM/input_txtPassword'

2018-07-25 14:17:54 - [MESSAGE][PASSED] - Text 'admin123' is set on object 'Object Repository/day2_test3/Page_OrangeHRM/input_txtPassword'

2018-07-25 14:17:54 - [TEST_STEP][PASSED] - click: Object: 'Object Repository/day2_test3/Page_OrangeHRM/input_Submit' is clicked on

2018-07-25 14:17:58 - [MESSAGE][PASSED] - Object: 'Object Repository/day2_test3/Page_OrangeHRM/input_Submit' is clicked on

2018-07-25 14:17:58 - [TEST_STEP][PASSED] - click: Object: 'Object Repository/day2_test3/Page_OrangeHRM/b_Admin' is clicked on

2018-07-25 14:18:00 - [MESSAGE][PASSED] - Object: 'Object Repository/day2_test3/Page_OrangeHRM/b_Admin' is clicked on

2018-07-25 14:18:00 - [TEST_STEP][PASSED] - closeBrowser: Browser is closed

2018-07-25 14:18:00 - [MESSAGE][PASSED] - Browser is closed]]></system-out>
         <system-err><![CDATA[]]></system-err>
      </testcase>
      <system-out><![CDATA[2018-07-25 14:17:23 - [TEST_SUITE][PASSED] - Day2TD: Test Cases/DaY 2/test3]]></system-out>
      <system-err><![CDATA[]]></system-err>
   </testsuite>
</testsuites>
