<?xml version="1.0" encoding="UTF-8"?>
<testsuites name="day2-1" time="33" tests="1" failures="0" errors="0">
   <testsuite name="day2-1" tests="1" failures="0" errors="0" time="33" timestamp="2018-07-25 11:01:46" hostname="slk - wslk1fftrfw-10" id="Test Suites/Day2/day2-1">
      <properties>
         <property name="deviceName" value=""/>
         <property name="devicePlatform" value=""/>
         <property name="logFolder" value="C:\\Users\\slk.WSLK1FFTRFW-10.006\\Katalon Studio\\VKGroups\\Reports\\Day2\\day2-1\\20180725_110145"/>
         <property name="logFiles" value="C:\\Users\\slk.WSLK1FFTRFW-10.006\\Katalon Studio\\VKGroups\\Reports\\Day2\\day2-1\\20180725_110145\\execution0.log"/>
         <property name="attachments" value=""/>
         <property name="hostName" value="slk - wslk1fftrfw-10"/>
         <property name="os" value="Windows 7 64bit"/>
         <property name="katalonVersion" value="5.5.0.1"/>
         <property name="browser" value="Chrome 67.0.3396.99"/>
         <property name="hostAddress" value="10.10.10.19"/>
         <property name="sessionId" value="3ee0638c5ad4c9f54994717c25ac42dd"/>
         <property name="seleniumVersion" value="3.7.1"/>
         <property name="proxyInformation" value="ProxyInformation{proxyOption=NO_PROXY, proxyServerType=HTTP, password=, proxyServerAddress=, proxyServerPort=0}"/>
         <property name="platform" value="Windows 7"/>
      </properties>
      <testcase name="Test Cases/DaY 2/Test2_global" classname="Test Cases/DaY 2/Test2_global" status="PASSED">
         <system-out><![CDATA[2018-07-25 11:01:47 - [TEST_CASE][PASSED] - Test Cases/DaY 2/Test2_global: Test Cases/DaY 2/Test2_global

2018-07-25 11:01:47 - [TEST_STEP][PASSED] - openBrowser: Browser is opened with url: ''

2018-07-25 11:02:11 - [MESSAGE][PASSED] - Browser is opened with url: ''

2018-07-25 11:02:11 - [TEST_STEP][PASSED] - navigateToUrl: Navigate to 'https://opensource-demo.orangehrmlive.com/' successfully

2018-07-25 11:02:15 - [MESSAGE][PASSED] - Navigate to 'https://opensource-demo.orangehrmlive.com/' successfully

2018-07-25 11:02:15 - [TEST_STEP][PASSED] - setText: Text 'admin' is set on object 'Object Repository/Day2_global/Page_OrangeHRM/input_txtUsername'

2018-07-25 11:02:15 - [MESSAGE][PASSED] - Text 'admin' is set on object 'Object Repository/Day2_global/Page_OrangeHRM/input_txtUsername'

2018-07-25 11:02:15 - [TEST_STEP][PASSED] - setText: Text 'https://opensource-demo.orangehrmlive.com/' is set on object 'Object Repository/Day2_global/Page_OrangeHRM/input_txtPassword'

2018-07-25 11:02:16 - [MESSAGE][PASSED] - Text 'https://opensource-demo.orangehrmlive.com/' is set on object 'Object Repository/Day2_global/Page_OrangeHRM/input_txtPassword'

2018-07-25 11:02:16 - [TEST_STEP][PASSED] - click: Object: 'Object Repository/Day2_global/Page_OrangeHRM/input_Submit' is clicked on

2018-07-25 11:02:17 - [MESSAGE][PASSED] - Object: 'Object Repository/Day2_global/Page_OrangeHRM/input_Submit' is clicked on

2018-07-25 11:02:17 - [TEST_STEP][PASSED] - closeBrowser: Browser is closed

2018-07-25 11:02:17 - [MESSAGE][PASSED] - Browser is closed]]></system-out>
         <system-err><![CDATA[]]></system-err>
      </testcase>
      <system-out><![CDATA[2018-07-25 11:01:46 - [TEST_SUITE][PASSED] - day2-1: Test Cases/DaY 2/Test2_global]]></system-out>
      <system-err><![CDATA[]]></system-err>
   </testsuite>
</testsuites>
