<?xml version="1.0" encoding="UTF-8"?>
<testsuites name="orangeHRM" time="66" tests="0" failures="1" errors="0">
   <testsuite name="orangeHRM" tests="0" failures="1" errors="0" time="66" timestamp="2018-07-24 15:33:48" hostname="slk - wslk1fftrfw-10" id="Test Suites/orangeHRM">
      <properties>
         <property name="deviceName" value=""/>
         <property name="devicePlatform" value=""/>
         <property name="logFolder" value="C:\\Users\\slk.WSLK1FFTRFW-10.006\\Katalon Studio\\VKGroups\\Reports\\orangeHRM\\20180724_153347"/>
         <property name="logFiles" value="C:\\Users\\slk.WSLK1FFTRFW-10.006\\Katalon Studio\\VKGroups\\Reports\\orangeHRM\\20180724_153347\\execution0.log"/>
         <property name="attachments" value="C:\\Users\\slk.WSLK1FFTRFW-10.006\\Katalon Studio\\VKGroups\\Reports\\orangeHRM\\20180724_153347\\1532426692111.png"/>
         <property name="hostName" value="slk - wslk1fftrfw-10"/>
         <property name="os" value="Windows 7 64bit"/>
         <property name="katalonVersion" value="5.5.0.1"/>
         <property name="browser" value="Chrome 67.0.3396.99"/>
         <property name="hostAddress" value="10.10.10.19"/>
         <property name="sessionId" value="9e193935ac8bed0c3065b42ea4e9d879"/>
         <property name="seleniumVersion" value="3.7.1"/>
         <property name="proxyInformation" value="ProxyInformation{proxyOption=NO_PROXY, proxyServerType=HTTP, password=, proxyServerAddress=, proxyServerPort=0}"/>
         <property name="platform" value="Windows 7"/>
      </properties>
      <testcase name="Test Cases/OrangeHRM1/OrangeHRM" classname="Test Cases/OrangeHRM1/OrangeHRM" status="FAILED">
         <failure type="FAILED" message="Unable to click on object (Root cause: java.lang.IllegalArgumentException: Object is null)"/>
         <system-out><![CDATA[2018-07-24 15:33:49 - [TEST_CASE][FAILED] - Test Cases/OrangeHRM1/OrangeHRM: Test Cases/OrangeHRM1/OrangeHRM FAILED because (of) Unable to click on object (Root cause: java.lang.IllegalArgumentException: Object is null)

2018-07-24 15:33:49 - [TEST_STEP][PASSED] - openBrowser: Browser is opened with url: ''

2018-07-24 15:34:13 - [MESSAGE][PASSED] - Browser is opened with url: ''

2018-07-24 15:34:13 - [TEST_STEP][PASSED] - navigateToUrl: Navigate to 'https://opensource-demo.orangehrmlive.com/' successfully

2018-07-24 15:34:18 - [MESSAGE][PASSED] - Navigate to 'https://opensource-demo.orangehrmlive.com/' successfully

2018-07-24 15:34:18 - [TEST_STEP][PASSED] - setText: Text 'admin' is set on object 'Object Repository/OrangeHRM/Page_OrangeHRM/input_txtUsername'

2018-07-24 15:34:18 - [MESSAGE][PASSED] - Text 'admin' is set on object 'Object Repository/OrangeHRM/Page_OrangeHRM/input_txtUsername'

2018-07-24 15:34:18 - [TEST_STEP][PASSED] - setEncryptedText: Text ****** has been set on object 'Object Repository/OrangeHRM/Page_OrangeHRM/input_txtPassword'

2018-07-24 15:34:19 - [MESSAGE][PASSED] - Text ****** has been set on object 'Object Repository/OrangeHRM/Page_OrangeHRM/input_txtPassword'

2018-07-24 15:34:19 - [TEST_STEP][PASSED] - click: Object: 'Object Repository/OrangeHRM/Page_OrangeHRM/input_Submit' is clicked on

2018-07-24 15:34:23 - [MESSAGE][PASSED] - Object: 'Object Repository/OrangeHRM/Page_OrangeHRM/input_Submit' is clicked on

2018-07-24 15:34:23 - [TEST_STEP][PASSED] - delay: Delayed 10 second(s)

2018-07-24 15:34:33 - [MESSAGE][PASSED] - Delayed 10 second(s)

2018-07-24 15:34:33 - [TEST_STEP][PASSED] - verifyElementPresent: Object 'Object Repository/OrangeHRM/Page_OrangeHRM/b_Admin' is present

2018-07-24 15:34:33 - [MESSAGE][WARNING] - Timeout '0' is invalid. Using default page load timeout: '30'

2018-07-24 15:34:33 - [MESSAGE][PASSED] - Object 'Object Repository/OrangeHRM/Page_OrangeHRM/b_Admin' is present

2018-07-24 15:34:33 - [TEST_STEP][PASSED] - verifyElementPresent: Object 'Object Repository/OrangeHRM/Page_OrangeHRM/b_Leave' is present

2018-07-24 15:34:33 - [MESSAGE][WARNING] - Timeout '0' is invalid. Using default page load timeout: '30'

2018-07-24 15:34:33 - [MESSAGE][PASSED] - Object 'Object Repository/OrangeHRM/Page_OrangeHRM/b_Leave' is present

2018-07-24 15:34:33 - [TEST_STEP][PASSED] - delay: Delayed 10 second(s)

2018-07-24 15:34:43 - [MESSAGE][PASSED] - Delayed 10 second(s)

2018-07-24 15:34:43 - [TEST_STEP][PASSED] - click: Object: 'Object Repository/OrangeHRM/Page_OrangeHRM/b_Recruitment' is clicked on

2018-07-24 15:34:45 - [MESSAGE][PASSED] - Object: 'Object Repository/OrangeHRM/Page_OrangeHRM/b_Recruitment' is clicked on

2018-07-24 15:34:45 - [TEST_STEP][PASSED] - delay: Delayed 5 second(s)

2018-07-24 15:34:50 - [MESSAGE][PASSED] - Delayed 5 second(s)

2018-07-24 15:34:50 - [TEST_STEP][PASSED] - click: Object: 'Object Repository/OrangeHRM/Page_OrangeHRM/b_Performance' is clicked on

2018-07-24 15:34:51 - [MESSAGE][PASSED] - Object: 'Object Repository/OrangeHRM/Page_OrangeHRM/b_Performance' is clicked on

2018-07-24 15:34:51 - [TEST_STEP][PASSED] - click: Object: 'Object Repository/OrangeHRM/Page_OrangeHRM/b_Dashboard' is clicked on

2018-07-24 15:34:52 - [MESSAGE][PASSED] - Object: 'Object Repository/OrangeHRM/Page_OrangeHRM/b_Dashboard' is clicked on

2018-07-24 15:34:52 - [TEST_STEP][FAILED] - click: Unable to click on object (Root cause: java.lang.IllegalArgumentException: Object is null)

2018-07-24 15:34:52 - [MESSAGE][WARNING] - Test object id is null

2018-07-24 15:34:52 - [MESSAGE][WARNING] - Test object with id 'Object Repository/' does not exist

2018-07-24 15:34:52 - [MESSAGE][FAILED] - Unable to click on object (Root cause: java.lang.IllegalArgumentException: Object is null)
[[ATTACHMENT|C:\\Users\\slk.WSLK1FFTRFW-10.006\\Katalon Studio\\VKGroups\\Reports\\orangeHRM\\20180724_153347\\1532426692111.png]]]]></system-out>
         <system-err><![CDATA[2018-07-24 15:33:49 - [TEST_CASE][FAILED] - Test Cases/OrangeHRM1/OrangeHRM: Test Cases/OrangeHRM1/OrangeHRM FAILED because (of) Unable to click on object (Root cause: java.lang.IllegalArgumentException: Object is null)]]></system-err>
      </testcase>
      <system-out><![CDATA[2018-07-24 15:33:48 - [TEST_SUITE][FAILED] - orangeHRM: Test Cases/OrangeHRM1/OrangeHRM FAILED because (of) Unable to click on object (Root cause: java.lang.IllegalArgumentException: Object is null)]]></system-out>
      <system-err><![CDATA[2018-07-24 15:33:48 - [TEST_SUITE][FAILED] - orangeHRM: Test Cases/OrangeHRM1/OrangeHRM FAILED because (of) Unable to click on object (Root cause: java.lang.IllegalArgumentException: Object is null)]]></system-err>
   </testsuite>
</testsuites>
