<?xml version="1.0" encoding="UTF-8"?>
<testsuites name="TestSuit1" time="115" tests="1" failures="1" errors="0">
   <testsuite name="TestSuit1" tests="1" failures="1" errors="0" time="115" timestamp="2018-07-24 15:06:12" hostname="slk - wslk1fftrfw-10" id="Test Suites/TestSuit1">
      <properties>
         <property name="deviceName" value=""/>
         <property name="devicePlatform" value=""/>
         <property name="logFolder" value="C:\\Users\\slk.WSLK1FFTRFW-10.006\\Katalon Studio\\VKGroups\\Reports\\TestSuit1\\20180724_150420"/>
         <property name="logFiles" value="C:\\Users\\slk.WSLK1FFTRFW-10.006\\Katalon Studio\\VKGroups\\Reports\\TestSuit1\\20180724_150420\\execution0.log"/>
         <property name="attachments" value=""/>
         <property name="hostName" value="slk - wslk1fftrfw-10"/>
         <property name="os" value="Windows 7 64bit"/>
         <property name="katalonVersion" value="5.5.0.1"/>
         <property name="browser" value="Firefox 62.0"/>
         <property name="hostAddress" value="10.10.10.19"/>
         <property name="sessionId" value="2c69aced-e8e2-40fc-b40b-3e271aa2bcd9"/>
         <property name="seleniumVersion" value="3.7.1"/>
         <property name="proxyInformation" value="ProxyInformation{proxyOption=NO_PROXY, proxyServerType=HTTP, password=, proxyServerAddress=, proxyServerPort=0}"/>
         <property name="platform" value="Windows 7"/>
      </properties>
      <testcase name="Test Cases/login/Test2" classname="Test Cases/login/Test2" status="PASSED">
         <system-out><![CDATA[2018-07-24 15:06:12 - [TEST_CASE][PASSED] - Test Cases/login/Test2: Test Cases/login/Test2

2018-07-24 15:06:12 - [TEST_STEP][PASSED] - openBrowser: Browser is opened with url: ''

2018-07-24 15:06:38 - [MESSAGE][PASSED] - Browser is opened with url: ''

2018-07-24 15:06:38 - [TEST_STEP][PASSED] - navigateToUrl: Navigate to 'http://demoaut.katalon.com/' successfully

2018-07-24 15:06:39 - [MESSAGE][PASSED] - Navigate to 'http://demoaut.katalon.com/' successfully

2018-07-24 15:06:39 - [TEST_STEP][PASSED] - click: Object: 'Object Repository/Test2/Page_CURA Healthcare Service/a_Make Appointment' is clicked on

2018-07-24 15:06:40 - [MESSAGE][PASSED] - Object: 'Object Repository/Test2/Page_CURA Healthcare Service/a_Make Appointment' is clicked on

2018-07-24 15:06:40 - [TEST_STEP][PASSED] - sendKeys: Keys 'John Doe' sent to object: 'Object Repository/Test2/Page_CURA Healthcare Service/input_username'

2018-07-24 15:06:40 - [MESSAGE][PASSED] - Keys 'John Doe' sent to object: 'Object Repository/Test2/Page_CURA Healthcare Service/input_username'

2018-07-24 15:06:40 - [TEST_STEP][PASSED] - setEncryptedText: Text ****** has been set on object 'Object Repository/Test2/Page_CURA Healthcare Service/input_password'

2018-07-24 15:06:40 - [MESSAGE][PASSED] - Text ****** has been set on object 'Object Repository/Test2/Page_CURA Healthcare Service/input_password'

2018-07-24 15:06:40 - [TEST_STEP][PASSED] - click: Object: 'Object Repository/Test2/Page_CURA Healthcare Service/button_Login' is clicked on

2018-07-24 15:06:42 - [MESSAGE][PASSED] - Object: 'Object Repository/Test2/Page_CURA Healthcare Service/button_Login' is clicked on

2018-07-24 15:06:42 - [TEST_STEP][PASSED] - closeBrowser: Browser is closed

2018-07-24 15:06:42 - [MESSAGE][PASSED] - Browser is closed

2018-07-24 15:06:42 - [TEST_STEP][PASSED] - openBrowser: Browser is opened with url: 'null'

2018-07-24 15:07:07 - [MESSAGE][PASSED] - Browser is opened with url: 'null'

2018-07-24 15:07:07 - [TEST_STEP][PASSED] - refresh: Refresh successfully

2018-07-24 15:07:07 - [MESSAGE][PASSED] - Refresh successfully]]></system-out>
         <system-err><![CDATA[]]></system-err>
      </testcase>
      <testcase name="Test Cases/login/Test1" classname="Test Cases/login/Test1" status="FAILED">
         <failure type="FAILED" message="Unable to open browser with url: '' (Root cause: org.openqa.selenium.WebDriverException: Failed to decode response from marionette
Build info: version: '3.7.1', revision: '8a0099a', time: '2017-11-06T21:07:36.161Z'
System info: host: 'WSLK1FFTRFW-10', ip: '10.10.10.19', os.name: 'Windows 7', os.arch: 'amd64', os.version: '6.1', java.version: '1.8.0_102'
Driver info: com.kms.katalon.core.webui.driver.firefox.CGeckoDriver
Capabilities {acceptInsecureCerts: true, browserName: firefox, browserVersion: 62.0, javascriptEnabled: true, moz:accessibilityChecks: false, moz:headless: false, moz:processID: 10440, moz:profile: C:\Users\slk.WSLK1FFTRFW-10..., moz:useNonSpecCompliantPointerOrigin: false, moz:webdriverClick: true, pageLoadStrategy: normal, platform: XP, platformName: XP, platformVersion: 6.1, proxy: Proxy(direct), rotatable: false, timeouts: {implicit: 0, pageLoad: 300000, script: 30000}}
Session ID: 9ef249eb-4487-4057-9f63-b2d25459c66b)"/>
         <system-out><![CDATA[2018-07-24 15:07:09 - [TEST_CASE][FAILED] - Test Cases/login/Test1: Test Cases/login/Test1 FAILED because (of) Unable to open browser with url: '' (Root cause: org.openqa.selenium.WebDriverException: Failed to decode response from marionette
Build info: version: '3.7.1', revision: '8a0099a', time: '2017-11-06T21:07:36.161Z'
System info: host: 'WSLK1FFTRFW-10', ip: '10.10.10.19', os.name: 'Windows 7', os.arch: 'amd64', os.version: '6.1', java.version: '1.8.0_102'
Driver info: com.kms.katalon.core.webui.driver.firefox.CGeckoDriver
Capabilities {acceptInsecureCerts: true, browserName: firefox, browserVersion: 62.0, javascriptEnabled: true, moz:accessibilityChecks: false, moz:headless: false, moz:processID: 10440, moz:profile: C:\Users\slk.WSLK1FFTRFW-10..., moz:useNonSpecCompliantPointerOrigin: false, moz:webdriverClick: true, pageLoadStrategy: normal, platform: XP, platformName: XP, platformVersion: 6.1, proxy: Proxy(direct), rotatable: false, timeouts: {implicit: 0, pageLoad: 300000, script: 30000}}
Session ID: 9ef249eb-4487-4057-9f63-b2d25459c66b)

2018-07-24 15:07:10 - [TEST_STEP][PASSED] - openBrowser: Browser is opened with url: ''

2018-07-24 15:07:10 - [MESSAGE][WARNING] - A browser is already opened. Closing browser and opening a new one

2018-07-24 15:07:35 - [MESSAGE][PASSED] - Browser is opened with url: ''

2018-07-24 15:07:36 - [TEST_STEP][PASSED] - navigateToUrl: Navigate to 'http://demoaut.katalon.com/' successfully

2018-07-24 15:07:37 - [MESSAGE][PASSED] - Navigate to 'http://demoaut.katalon.com/' successfully

2018-07-24 15:07:37 - [TEST_STEP][PASSED] - click: Object: 'Object Repository/Page_CURA Healthcare Service/a_Make Appointment' is clicked on

2018-07-24 15:07:37 - [MESSAGE][PASSED] - Object: 'Object Repository/Page_CURA Healthcare Service/a_Make Appointment' is clicked on

2018-07-24 15:07:37 - [TEST_STEP][PASSED] - setText: Text 'John Doe' is set on object 'Object Repository/Page_CURA Healthcare Service/input_username'

2018-07-24 15:07:37 - [MESSAGE][PASSED] - Text 'John Doe' is set on object 'Object Repository/Page_CURA Healthcare Service/input_username'

2018-07-24 15:07:37 - [TEST_STEP][PASSED] - setEncryptedText: Text ****** has been set on object 'Object Repository/Page_CURA Healthcare Service/input_password'

2018-07-24 15:07:37 - [MESSAGE][PASSED] - Text ****** has been set on object 'Object Repository/Page_CURA Healthcare Service/input_password'

2018-07-24 15:07:37 - [TEST_STEP][PASSED] - click: Object: 'Object Repository/Page_CURA Healthcare Service/button_Login' is clicked on

2018-07-24 15:07:38 - [MESSAGE][PASSED] - Object: 'Object Repository/Page_CURA Healthcare Service/button_Login' is clicked on

2018-07-24 15:07:38 - [TEST_STEP][PASSED] - closeBrowser: Browser is closed

2018-07-24 15:07:39 - [MESSAGE][PASSED] - Browser is closed

2018-07-24 15:07:39 - [TEST_STEP][FAILED] - openBrowser: Unable to open browser with url: '' (Root cause: org.openqa.selenium.WebDriverException: Failed to decode response from marionette
Build info: version: '3.7.1', revision: '8a0099a', time: '2017-11-06T21:07:36.161Z'
System info: host: 'WSLK1FFTRFW-10', ip: '10.10.10.19', os.name: 'Windows 7', os.arch: 'amd64', os.version: '6.1', java.version: '1.8.0_102'
Driver info: com.kms.katalon.core.webui.driver.firefox.CGeckoDriver
Capabilities {acceptInsecureCerts: true, browserName: firefox, browserVersion: 62.0, javascriptEnabled: true, moz:accessibilityChecks: false, moz:headless: false, moz:processID: 10440, moz:profile: C:\Users\slk.WSLK1FFTRFW-10..., moz:useNonSpecCompliantPointerOrigin: false, moz:webdriverClick: true, pageLoadStrategy: normal, platform: XP, platformName: XP, platformVersion: 6.1, proxy: Proxy(direct), rotatable: false, timeouts: {implicit: 0, pageLoad: 300000, script: 30000}}
Session ID: 9ef249eb-4487-4057-9f63-b2d25459c66b)

2018-07-24 15:08:05 - [MESSAGE][FAILED] - Unable to open browser with url: '' (Root cause: org.openqa.selenium.WebDriverException: Failed to decode response from marionette
Build info: version: '3.7.1', revision: '8a0099a', time: '2017-11-06T21:07:36.161Z'
System info: host: 'WSLK1FFTRFW-10', ip: '10.10.10.19', os.name: 'Windows 7', os.arch: 'amd64', os.version: '6.1', java.version: '1.8.0_102'
Driver info: com.kms.katalon.core.webui.driver.firefox.CGeckoDriver
Capabilities {acceptInsecureCerts: true, browserName: firefox, browserVersion: 62.0, javascriptEnabled: true, moz:accessibilityChecks: false, moz:headless: false, moz:processID: 10440, moz:profile: C:\Users\slk.WSLK1FFTRFW-10..., moz:useNonSpecCompliantPointerOrigin: false, moz:webdriverClick: true, pageLoadStrategy: normal, platform: XP, platformName: XP, platformVersion: 6.1, proxy: Proxy(direct), rotatable: false, timeouts: {implicit: 0, pageLoad: 300000, script: 30000}}
Session ID: 9ef249eb-4487-4057-9f63-b2d25459c66b)]]></system-out>
         <system-err><![CDATA[2018-07-24 15:07:09 - [TEST_CASE][FAILED] - Test Cases/login/Test1: Test Cases/login/Test1 FAILED because (of) Unable to open browser with url: '' (Root cause: org.openqa.selenium.WebDriverException: Failed to decode response from marionette
Build info: version: '3.7.1', revision: '8a0099a', time: '2017-11-06T21:07:36.161Z'
System info: host: 'WSLK1FFTRFW-10', ip: '10.10.10.19', os.name: 'Windows 7', os.arch: 'amd64', os.version: '6.1', java.version: '1.8.0_102'
Driver info: com.kms.katalon.core.webui.driver.firefox.CGeckoDriver
Capabilities {acceptInsecureCerts: true, browserName: firefox, browserVersion: 62.0, javascriptEnabled: true, moz:accessibilityChecks: false, moz:headless: false, moz:processID: 10440, moz:profile: C:\Users\slk.WSLK1FFTRFW-10..., moz:useNonSpecCompliantPointerOrigin: false, moz:webdriverClick: true, pageLoadStrategy: normal, platform: XP, platformName: XP, platformVersion: 6.1, proxy: Proxy(direct), rotatable: false, timeouts: {implicit: 0, pageLoad: 300000, script: 30000}}
Session ID: 9ef249eb-4487-4057-9f63-b2d25459c66b)]]></system-err>
      </testcase>
      <system-out><![CDATA[2018-07-24 15:06:12 - [TEST_SUITE][INCOMPLETE] - TestSuit1: null]]></system-out>
      <system-err><![CDATA[2018-07-24 15:06:12 - [TEST_SUITE][INCOMPLETE] - TestSuit1: null]]></system-err>
   </testsuite>
</testsuites>
