<?xml version="1.0" encoding="UTF-8"?>
<testsuites name="Day3" time="36" tests="1" failures="0" errors="0">
   <testsuite name="Day3" tests="1" failures="0" errors="0" time="36" timestamp="2018-07-26 15:26:55" hostname="slk - wslk1fftrfw-10" id="Test Suites/Day3">
      <properties>
         <property name="deviceName" value=""/>
         <property name="devicePlatform" value=""/>
         <property name="logFolder" value="C:\\Users\\slk.WSLK1FFTRFW-10.006\\Katalon Studio\\VKGroups\\Reports\\Day3\\20180726_152654"/>
         <property name="logFiles" value="C:\\Users\\slk.WSLK1FFTRFW-10.006\\Katalon Studio\\VKGroups\\Reports\\Day3\\20180726_152654\\execution0.log"/>
         <property name="attachments" value=""/>
         <property name="hostName" value="slk - wslk1fftrfw-10"/>
         <property name="os" value="Windows 7 64bit"/>
         <property name="katalonVersion" value="5.5.0.1"/>
         <property name="browser" value="Firefox 62.0"/>
         <property name="hostAddress" value="10.10.10.19"/>
         <property name="sessionId" value="cd261077-6608-4a3b-89bf-a0609c3b4b34"/>
         <property name="seleniumVersion" value="3.7.1"/>
         <property name="proxyInformation" value="ProxyInformation{proxyOption=NO_PROXY, proxyServerType=HTTP, password=, proxyServerAddress=, proxyServerPort=0}"/>
         <property name="platform" value="Windows 7"/>
      </properties>
      <testcase name="Test Cases/Day3/Test2" classname="Test Cases/Day3/Test2" status="PASSED">
         <system-out><![CDATA[2018-07-26 15:26:55 - [TEST_CASE][PASSED] - Test Cases/Day3/Test2: Test Cases/Day3/Test2

2018-07-26 15:26:56 - [TEST_STEP][PASSED] - openBrowser: Browser is opened with url: ''

2018-07-26 15:27:22 - [MESSAGE][PASSED] - Browser is opened with url: ''

2018-07-26 15:27:22 - [TEST_STEP][PASSED] - navigateToUrl: Navigate to 'https://opensource-demo.orangehrmlive.com/' successfully

2018-07-26 15:27:26 - [MESSAGE][PASSED] - Navigate to 'https://opensource-demo.orangehrmlive.com/' successfully

2018-07-26 15:27:26 - [TEST_STEP][PASSED] - click: Object: 'Object Repository/Day3/Page_OrangeHRM/span_Username' is clicked on

2018-07-26 15:27:27 - [MESSAGE][PASSED] - Object: 'Object Repository/Day3/Page_OrangeHRM/span_Username' is clicked on

2018-07-26 15:27:27 - [TEST_STEP][PASSED] - setText: Text 'admin' is set on object 'Object Repository/Day3/Page_OrangeHRM/input_txtUsername'

2018-07-26 15:27:27 - [MESSAGE][PASSED] - Text 'admin' is set on object 'Object Repository/Day3/Page_OrangeHRM/input_txtUsername'

2018-07-26 15:27:27 - [TEST_STEP][PASSED] - setEncryptedText: Text ****** has been set on object 'Object Repository/Day3/Page_OrangeHRM/input_txtPassword'

2018-07-26 15:27:27 - [MESSAGE][PASSED] - Text ****** has been set on object 'Object Repository/Day3/Page_OrangeHRM/input_txtPassword'

2018-07-26 15:27:27 - [TEST_STEP][PASSED] - click: Object: 'Object Repository/Day3/Page_OrangeHRM/input_Submit' is clicked on

2018-07-26 15:27:29 - [MESSAGE][PASSED] - Object: 'Object Repository/Day3/Page_OrangeHRM/input_Submit' is clicked on

2018-07-26 15:27:29 - [TEST_STEP][PASSED] - closeBrowser: Browser is closed

2018-07-26 15:27:30 - [MESSAGE][PASSED] - Browser is closed]]></system-out>
         <system-err><![CDATA[]]></system-err>
      </testcase>
      <system-out><![CDATA[2018-07-26 15:26:55 - [TEST_SUITE][PASSED] - Day3: Test Cases/Day3/Test2]]></system-out>
      <system-err><![CDATA[]]></system-err>
   </testsuite>
</testsuites>
